<?xml version="1.0" encoding="UTF-8"?>
<testsuite xmlns:xsi="http://www.w3.org/2001/XMLSchema-instance" xsi:noNamespaceSchemaLocation="https://maven.apache.org/surefire/maven-surefire-plugin/xsd/surefire-test-report-3.0.xsd" version="3.0" name="com.example.authservice.security.JwtFilterTest" time="0.203" tests="3" errors="0" skipped="0" failures="0">
  <properties>
    <property name="java.specification.version" value="17"/>
    <property name="sun.jnu.encoding" value="UTF-8"/>
    <property name="java.class.path" value="/home/angelo/workspace/glacier/securelend-backend/target/test-classes:/home/angelo/workspace/glacier/securelend-backend/target/classes:/home/angelo/.m2/repository/javax/xml/bind/jaxb-api/2.3.1/jaxb-api-2.3.1.jar:/home/angelo/.m2/repository/javax/activation/javax.activation-api/1.2.0/javax.activation-api-1.2.0.jar:/home/angelo/.m2/repository/org/glassfish/jaxb/jaxb-runtime/2.3.1/jaxb-runtime-2.3.1.jar:/home/angelo/.m2/repository/org/glassfish/jaxb/txw2/4.0.5/txw2-4.0.5.jar:/home/angelo/.m2/repository/com/sun/istack/istack-commons-runtime/4.1.2/istack-commons-runtime-4.1.2.jar:/home/angelo/.m2/repository/org/jvnet/staxex/stax-ex/2.1.0/stax-ex-2.1.0.jar:/home/angelo/.m2/repository/jakarta/activation/jakarta.activation-api/2.1.3/jakarta.activation-api-2.1.3.jar:/home/angelo/.m2/repository/com/sun/xml/fastinfoset/FastInfoset/2.1.1/FastInfoset-2.1.1.jar:/home/angelo/.m2/repository/org/springframework/boot/spring-boot-starter-web/3.2.4/spring-boot-starter-web-3.2.4.jar:/home/angelo/.m2/repository/org/springframework/boot/spring-boot-starter/3.2.4/spring-boot-starter-3.2.4.jar:/home/angelo/.m2/repository/org/springframework/boot/spring-boot/3.2.4/spring-boot-3.2.4.jar:/home/angelo/.m2/repository/org/springframework/boot/spring-boot-autoconfigure/3.2.4/spring-boot-autoconfigure-3.2.4.jar:/home/angelo/.m2/repository/org/springframework/boot/spring-boot-starter-logging/3.2.4/spring-boot-starter-logging-3.2.4.jar:/home/angelo/.m2/repository/ch/qos/logback/logback-classic/1.4.14/logback-classic-1.4.14.jar:/home/angelo/.m2/repository/ch/qos/logback/logback-core/1.4.14/logback-core-1.4.14.jar:/home/angelo/.m2/repository/org/apache/logging/log4j/log4j-to-slf4j/2.21.1/log4j-to-slf4j-2.21.1.jar:/home/angelo/.m2/repository/org/apache/logging/log4j/log4j-api/2.21.1/log4j-api-2.21.1.jar:/home/angelo/.m2/repository/org/slf4j/jul-to-slf4j/2.0.12/jul-to-slf4j-2.0.12.jar:/home/angelo/.m2/repository/jakarta/annotation/jakarta.annotation-api/2.1.1/jakarta.annotation-api-2.1.1.jar:/home/angelo/.m2/repository/org/yaml/snakeyaml/2.2/snakeyaml-2.2.jar:/home/angelo/.m2/repository/org/springframework/boot/spring-boot-starter-json/3.2.4/spring-boot-starter-json-3.2.4.jar:/home/angelo/.m2/repository/com/fasterxml/jackson/datatype/jackson-datatype-jdk8/2.15.4/jackson-datatype-jdk8-2.15.4.jar:/home/angelo/.m2/repository/com/fasterxml/jackson/datatype/jackson-datatype-jsr310/2.15.4/jackson-datatype-jsr310-2.15.4.jar:/home/angelo/.m2/repository/com/fasterxml/jackson/module/jackson-module-parameter-names/2.15.4/jackson-module-parameter-names-2.15.4.jar:/home/angelo/.m2/repository/org/springframework/boot/spring-boot-starter-tomcat/3.2.4/spring-boot-starter-tomcat-3.2.4.jar:/home/angelo/.m2/repository/org/apache/tomcat/embed/tomcat-embed-core/10.1.19/tomcat-embed-core-10.1.19.jar:/home/angelo/.m2/repository/org/apache/tomcat/embed/tomcat-embed-el/10.1.19/tomcat-embed-el-10.1.19.jar:/home/angelo/.m2/repository/org/apache/tomcat/embed/tomcat-embed-websocket/10.1.19/tomcat-embed-websocket-10.1.19.jar:/home/angelo/.m2/repository/org/springframework/spring-web/6.1.5/spring-web-6.1.5.jar:/home/angelo/.m2/repository/org/springframework/spring-beans/6.1.5/spring-beans-6.1.5.jar:/home/angelo/.m2/repository/io/micrometer/micrometer-observation/1.12.4/micrometer-observation-1.12.4.jar:/home/angelo/.m2/repository/io/micrometer/micrometer-commons/1.12.4/micrometer-commons-1.12.4.jar:/home/angelo/.m2/repository/org/springframework/spring-webmvc/6.1.5/spring-webmvc-6.1.5.jar:/home/angelo/.m2/repository/org/springframework/spring-context/6.1.5/spring-context-6.1.5.jar:/home/angelo/.m2/repository/org/springframework/spring-expression/6.1.5/spring-expression-6.1.5.jar:/home/angelo/.m2/repository/org/springframework/boot/spring-boot-starter-security/3.2.4/spring-boot-starter-security-3.2.4.jar:/home/angelo/.m2/repository/org/springframework/spring-aop/6.1.5/spring-aop-6.1.5.jar:/home/angelo/.m2/repository/org/springframework/security/spring-security-config/6.2.3/spring-security-config-6.2.3.jar:/home/angelo/.m2/repository/org/springframework/security/spring-security-core/6.2.3/spring-security-core-6.2.3.jar:/home/angelo/.m2/repository/org/springframework/security/spring-security-crypto/6.2.3/spring-security-crypto-6.2.3.jar:/home/angelo/.m2/repository/org/springframework/security/spring-security-web/6.2.3/spring-security-web-6.2.3.jar:/home/angelo/.m2/repository/org/springframework/boot/spring-boot-starter-data-jpa/3.2.4/spring-boot-starter-data-jpa-3.2.4.jar:/home/angelo/.m2/repository/org/springframework/boot/spring-boot-starter-aop/3.2.4/spring-boot-starter-aop-3.2.4.jar:/home/angelo/.m2/repository/org/aspectj/aspectjweaver/1.9.21/aspectjweaver-1.9.21.jar:/home/angelo/.m2/repository/org/springframework/boot/spring-boot-starter-jdbc/3.2.4/spring-boot-starter-jdbc-3.2.4.jar:/home/angelo/.m2/repository/com/zaxxer/HikariCP/5.0.1/HikariCP-5.0.1.jar:/home/angelo/.m2/repository/org/springframework/spring-jdbc/6.1.5/spring-jdbc-6.1.5.jar:/home/angelo/.m2/repository/org/hibernate/orm/hibernate-core/6.4.4.Final/hibernate-core-6.4.4.Final.jar:/home/angelo/.m2/repository/jakarta/persistence/jakarta.persistence-api/3.1.0/jakarta.persistence-api-3.1.0.jar:/home/angelo/.m2/repository/jakarta/transaction/jakarta.transaction-api/2.0.1/jakarta.transaction-api-2.0.1.jar:/home/angelo/.m2/repository/org/jboss/logging/jboss-logging/3.5.3.Final/jboss-logging-3.5.3.Final.jar:/home/angelo/.m2/repository/org/hibernate/common/hibernate-commons-annotations/6.0.6.Final/hibernate-commons-annotations-6.0.6.Final.jar:/home/angelo/.m2/repository/io/smallrye/jandex/3.1.2/jandex-3.1.2.jar:/home/angelo/.m2/repository/com/fasterxml/classmate/1.6.0/classmate-1.6.0.jar:/home/angelo/.m2/repository/net/bytebuddy/byte-buddy/1.14.12/byte-buddy-1.14.12.jar:/home/angelo/.m2/repository/jakarta/inject/jakarta.inject-api/2.0.1/jakarta.inject-api-2.0.1.jar:/home/angelo/.m2/repository/org/antlr/antlr4-runtime/4.13.0/antlr4-runtime-4.13.0.jar:/home/angelo/.m2/repository/org/springframework/data/spring-data-jpa/3.2.4/spring-data-jpa-3.2.4.jar:/home/angelo/.m2/repository/org/springframework/data/spring-data-commons/3.2.4/spring-data-commons-3.2.4.jar:/home/angelo/.m2/repository/org/springframework/spring-orm/6.1.5/spring-orm-6.1.5.jar:/home/angelo/.m2/repository/org/springframework/spring-tx/6.1.5/spring-tx-6.1.5.jar:/home/angelo/.m2/repository/org/slf4j/slf4j-api/2.0.12/slf4j-api-2.0.12.jar:/home/angelo/.m2/repository/org/springframework/spring-aspects/6.1.5/spring-aspects-6.1.5.jar:/home/angelo/.m2/repository/jakarta/servlet/jakarta.servlet-api/6.0.0/jakarta.servlet-api-6.0.0.jar:/home/angelo/.m2/repository/com/h2database/h2/2.2.224/h2-2.2.224.jar:/home/angelo/.m2/repository/io/jsonwebtoken/jjwt/0.9.1/jjwt-0.9.1.jar:/home/angelo/.m2/repository/com/fasterxml/jackson/core/jackson-databind/2.15.4/jackson-databind-2.15.4.jar:/home/angelo/.m2/repository/com/fasterxml/jackson/core/jackson-annotations/2.15.4/jackson-annotations-2.15.4.jar:/home/angelo/.m2/repository/com/fasterxml/jackson/core/jackson-core/2.15.4/jackson-core-2.15.4.jar:/home/angelo/.m2/repository/org/projectlombok/lombok/1.18.30/lombok-1.18.30.jar:/home/angelo/.m2/repository/org/springframework/boot/spring-boot-starter-test/3.2.4/spring-boot-starter-test-3.2.4.jar:/home/angelo/.m2/repository/org/springframework/boot/spring-boot-test/3.2.4/spring-boot-test-3.2.4.jar:/home/angelo/.m2/repository/org/springframework/boot/spring-boot-test-autoconfigure/3.2.4/spring-boot-test-autoconfigure-3.2.4.jar:/home/angelo/.m2/repository/com/jayway/jsonpath/json-path/2.9.0/json-path-2.9.0.jar:/home/angelo/.m2/repository/jakarta/xml/bind/jakarta.xml.bind-api/4.0.2/jakarta.xml.bind-api-4.0.2.jar:/home/angelo/.m2/repository/net/minidev/json-smart/2.5.0/json-smart-2.5.0.jar:/home/angelo/.m2/repository/net/minidev/accessors-smart/2.5.0/accessors-smart-2.5.0.jar:/home/angelo/.m2/repository/org/ow2/asm/asm/9.3/asm-9.3.jar:/home/angelo/.m2/repository/org/assertj/assertj-core/3.24.2/assertj-core-3.24.2.jar:/home/angelo/.m2/repository/org/awaitility/awaitility/4.2.0/awaitility-4.2.0.jar:/home/angelo/.m2/repository/org/hamcrest/hamcrest/2.2/hamcrest-2.2.jar:/home/angelo/.m2/repository/org/junit/jupiter/junit-jupiter/5.10.2/junit-jupiter-5.10.2.jar:/home/angelo/.m2/repository/org/junit/jupiter/junit-jupiter-api/5.10.2/junit-jupiter-api-5.10.2.jar:/home/angelo/.m2/repository/org/opentest4j/opentest4j/1.3.0/opentest4j-1.3.0.jar:/home/angelo/.m2/repository/org/junit/platform/junit-platform-commons/1.10.2/junit-platform-commons-1.10.2.jar:/home/angelo/.m2/repository/org/apiguardian/apiguardian-api/1.1.2/apiguardian-api-1.1.2.jar:/home/angelo/.m2/repository/org/junit/jupiter/junit-jupiter-params/5.10.2/junit-jupiter-params-5.10.2.jar:/home/angelo/.m2/repository/org/junit/jupiter/junit-jupiter-engine/5.10.2/junit-jupiter-engine-5.10.2.jar:/home/angelo/.m2/repository/org/junit/platform/junit-platform-engine/1.10.2/junit-platform-engine-1.10.2.jar:/home/angelo/.m2/repository/org/mockito/mockito-core/5.7.0/mockito-core-5.7.0.jar:/home/angelo/.m2/repository/net/bytebuddy/byte-buddy-agent/1.14.12/byte-buddy-agent-1.14.12.jar:/home/angelo/.m2/repository/org/objenesis/objenesis/3.3/objenesis-3.3.jar:/home/angelo/.m2/repository/org/mockito/mockito-junit-jupiter/5.7.0/mockito-junit-jupiter-5.7.0.jar:/home/angelo/.m2/repository/org/skyscreamer/jsonassert/1.5.1/jsonassert-1.5.1.jar:/home/angelo/.m2/repository/com/vaadin/external/google/android-json/0.0.20131108.vaadin1/android-json-0.0.20131108.vaadin1.jar:/home/angelo/.m2/repository/org/springframework/spring-core/6.1.5/spring-core-6.1.5.jar:/home/angelo/.m2/repository/org/springframework/spring-jcl/6.1.5/spring-jcl-6.1.5.jar:/home/angelo/.m2/repository/org/springframework/spring-test/6.1.5/spring-test-6.1.5.jar:/home/angelo/.m2/repository/org/xmlunit/xmlunit-core/2.9.1/xmlunit-core-2.9.1.jar:/home/angelo/.m2/repository/com/google/guava/guava/31.1-jre/guava-31.1-jre.jar:/home/angelo/.m2/repository/com/google/guava/failureaccess/1.0.1/failureaccess-1.0.1.jar:/home/angelo/.m2/repository/com/google/guava/listenablefuture/9999.0-empty-to-avoid-conflict-with-guava/listenablefuture-9999.0-empty-to-avoid-conflict-with-guava.jar:/home/angelo/.m2/repository/com/google/code/findbugs/jsr305/3.0.2/jsr305-3.0.2.jar:/home/angelo/.m2/repository/org/checkerframework/checker-qual/3.12.0/checker-qual-3.12.0.jar:/home/angelo/.m2/repository/com/google/errorprone/error_prone_annotations/2.11.0/error_prone_annotations-2.11.0.jar:/home/angelo/.m2/repository/com/google/j2objc/j2objc-annotations/1.3/j2objc-annotations-1.3.jar:"/>
    <property name="java.vm.vendor" value="Ubuntu"/>
    <property name="sun.arch.data.model" value="64"/>
    <property name="java.vendor.url" value="https://ubuntu.com/"/>
    <property name="user.timezone" value="America/New_York"/>
    <property name="os.name" value="Linux"/>
    <property name="java.vm.specification.version" value="17"/>
    <property name="sun.java.launcher" value="SUN_STANDARD"/>
    <property name="user.country" value="US"/>
    <property name="sun.boot.library.path" value="/usr/lib/jvm/java-17-openjdk-amd64/lib"/>
    <property name="sun.java.command" value="/home/angelo/workspace/glacier/securelend-backend/target/surefire/surefirebooter-20250410193356261_3.jar /home/angelo/workspace/glacier/securelend-backend/target/surefire 2025-04-10T19-33-55_195-jvmRun1 surefire-20250410193356261_1tmp surefire_0-20250410193356261_2tmp"/>
    <property name="jdk.debug" value="release"/>
    <property name="surefire.test.class.path" value="/home/angelo/workspace/glacier/securelend-backend/target/test-classes:/home/angelo/workspace/glacier/securelend-backend/target/classes:/home/angelo/.m2/repository/javax/xml/bind/jaxb-api/2.3.1/jaxb-api-2.3.1.jar:/home/angelo/.m2/repository/javax/activation/javax.activation-api/1.2.0/javax.activation-api-1.2.0.jar:/home/angelo/.m2/repository/org/glassfish/jaxb/jaxb-runtime/2.3.1/jaxb-runtime-2.3.1.jar:/home/angelo/.m2/repository/org/glassfish/jaxb/txw2/4.0.5/txw2-4.0.5.jar:/home/angelo/.m2/repository/com/sun/istack/istack-commons-runtime/4.1.2/istack-commons-runtime-4.1.2.jar:/home/angelo/.m2/repository/org/jvnet/staxex/stax-ex/2.1.0/stax-ex-2.1.0.jar:/home/angelo/.m2/repository/jakarta/activation/jakarta.activation-api/2.1.3/jakarta.activation-api-2.1.3.jar:/home/angelo/.m2/repository/com/sun/xml/fastinfoset/FastInfoset/2.1.1/FastInfoset-2.1.1.jar:/home/angelo/.m2/repository/org/springframework/boot/spring-boot-starter-web/3.2.4/spring-boot-starter-web-3.2.4.jar:/home/angelo/.m2/repository/org/springframework/boot/spring-boot-starter/3.2.4/spring-boot-starter-3.2.4.jar:/home/angelo/.m2/repository/org/springframework/boot/spring-boot/3.2.4/spring-boot-3.2.4.jar:/home/angelo/.m2/repository/org/springframework/boot/spring-boot-autoconfigure/3.2.4/spring-boot-autoconfigure-3.2.4.jar:/home/angelo/.m2/repository/org/springframework/boot/spring-boot-starter-logging/3.2.4/spring-boot-starter-logging-3.2.4.jar:/home/angelo/.m2/repository/ch/qos/logback/logback-classic/1.4.14/logback-classic-1.4.14.jar:/home/angelo/.m2/repository/ch/qos/logback/logback-core/1.4.14/logback-core-1.4.14.jar:/home/angelo/.m2/repository/org/apache/logging/log4j/log4j-to-slf4j/2.21.1/log4j-to-slf4j-2.21.1.jar:/home/angelo/.m2/repository/org/apache/logging/log4j/log4j-api/2.21.1/log4j-api-2.21.1.jar:/home/angelo/.m2/repository/org/slf4j/jul-to-slf4j/2.0.12/jul-to-slf4j-2.0.12.jar:/home/angelo/.m2/repository/jakarta/annotation/jakarta.annotation-api/2.1.1/jakarta.annotation-api-2.1.1.jar:/home/angelo/.m2/repository/org/yaml/snakeyaml/2.2/snakeyaml-2.2.jar:/home/angelo/.m2/repository/org/springframework/boot/spring-boot-starter-json/3.2.4/spring-boot-starter-json-3.2.4.jar:/home/angelo/.m2/repository/com/fasterxml/jackson/datatype/jackson-datatype-jdk8/2.15.4/jackson-datatype-jdk8-2.15.4.jar:/home/angelo/.m2/repository/com/fasterxml/jackson/datatype/jackson-datatype-jsr310/2.15.4/jackson-datatype-jsr310-2.15.4.jar:/home/angelo/.m2/repository/com/fasterxml/jackson/module/jackson-module-parameter-names/2.15.4/jackson-module-parameter-names-2.15.4.jar:/home/angelo/.m2/repository/org/springframework/boot/spring-boot-starter-tomcat/3.2.4/spring-boot-starter-tomcat-3.2.4.jar:/home/angelo/.m2/repository/org/apache/tomcat/embed/tomcat-embed-core/10.1.19/tomcat-embed-core-10.1.19.jar:/home/angelo/.m2/repository/org/apache/tomcat/embed/tomcat-embed-el/10.1.19/tomcat-embed-el-10.1.19.jar:/home/angelo/.m2/repository/org/apache/tomcat/embed/tomcat-embed-websocket/10.1.19/tomcat-embed-websocket-10.1.19.jar:/home/angelo/.m2/repository/org/springframework/spring-web/6.1.5/spring-web-6.1.5.jar:/home/angelo/.m2/repository/org/springframework/spring-beans/6.1.5/spring-beans-6.1.5.jar:/home/angelo/.m2/repository/io/micrometer/micrometer-observation/1.12.4/micrometer-observation-1.12.4.jar:/home/angelo/.m2/repository/io/micrometer/micrometer-commons/1.12.4/micrometer-commons-1.12.4.jar:/home/angelo/.m2/repository/org/springframework/spring-webmvc/6.1.5/spring-webmvc-6.1.5.jar:/home/angelo/.m2/repository/org/springframework/spring-context/6.1.5/spring-context-6.1.5.jar:/home/angelo/.m2/repository/org/springframework/spring-expression/6.1.5/spring-expression-6.1.5.jar:/home/angelo/.m2/repository/org/springframework/boot/spring-boot-starter-security/3.2.4/spring-boot-starter-security-3.2.4.jar:/home/angelo/.m2/repository/org/springframework/spring-aop/6.1.5/spring-aop-6.1.5.jar:/home/angelo/.m2/repository/org/springframework/security/spring-security-config/6.2.3/spring-security-config-6.2.3.jar:/home/angelo/.m2/repository/org/springframework/security/spring-security-core/6.2.3/spring-security-core-6.2.3.jar:/home/angelo/.m2/repository/org/springframework/security/spring-security-crypto/6.2.3/spring-security-crypto-6.2.3.jar:/home/angelo/.m2/repository/org/springframework/security/spring-security-web/6.2.3/spring-security-web-6.2.3.jar:/home/angelo/.m2/repository/org/springframework/boot/spring-boot-starter-data-jpa/3.2.4/spring-boot-starter-data-jpa-3.2.4.jar:/home/angelo/.m2/repository/org/springframework/boot/spring-boot-starter-aop/3.2.4/spring-boot-starter-aop-3.2.4.jar:/home/angelo/.m2/repository/org/aspectj/aspectjweaver/1.9.21/aspectjweaver-1.9.21.jar:/home/angelo/.m2/repository/org/springframework/boot/spring-boot-starter-jdbc/3.2.4/spring-boot-starter-jdbc-3.2.4.jar:/home/angelo/.m2/repository/com/zaxxer/HikariCP/5.0.1/HikariCP-5.0.1.jar:/home/angelo/.m2/repository/org/springframework/spring-jdbc/6.1.5/spring-jdbc-6.1.5.jar:/home/angelo/.m2/repository/org/hibernate/orm/hibernate-core/6.4.4.Final/hibernate-core-6.4.4.Final.jar:/home/angelo/.m2/repository/jakarta/persistence/jakarta.persistence-api/3.1.0/jakarta.persistence-api-3.1.0.jar:/home/angelo/.m2/repository/jakarta/transaction/jakarta.transaction-api/2.0.1/jakarta.transaction-api-2.0.1.jar:/home/angelo/.m2/repository/org/jboss/logging/jboss-logging/3.5.3.Final/jboss-logging-3.5.3.Final.jar:/home/angelo/.m2/repository/org/hibernate/common/hibernate-commons-annotations/6.0.6.Final/hibernate-commons-annotations-6.0.6.Final.jar:/home/angelo/.m2/repository/io/smallrye/jandex/3.1.2/jandex-3.1.2.jar:/home/angelo/.m2/repository/com/fasterxml/classmate/1.6.0/classmate-1.6.0.jar:/home/angelo/.m2/repository/net/bytebuddy/byte-buddy/1.14.12/byte-buddy-1.14.12.jar:/home/angelo/.m2/repository/jakarta/inject/jakarta.inject-api/2.0.1/jakarta.inject-api-2.0.1.jar:/home/angelo/.m2/repository/org/antlr/antlr4-runtime/4.13.0/antlr4-runtime-4.13.0.jar:/home/angelo/.m2/repository/org/springframework/data/spring-data-jpa/3.2.4/spring-data-jpa-3.2.4.jar:/home/angelo/.m2/repository/org/springframework/data/spring-data-commons/3.2.4/spring-data-commons-3.2.4.jar:/home/angelo/.m2/repository/org/springframework/spring-orm/6.1.5/spring-orm-6.1.5.jar:/home/angelo/.m2/repository/org/springframework/spring-tx/6.1.5/spring-tx-6.1.5.jar:/home/angelo/.m2/repository/org/slf4j/slf4j-api/2.0.12/slf4j-api-2.0.12.jar:/home/angelo/.m2/repository/org/springframework/spring-aspects/6.1.5/spring-aspects-6.1.5.jar:/home/angelo/.m2/repository/jakarta/servlet/jakarta.servlet-api/6.0.0/jakarta.servlet-api-6.0.0.jar:/home/angelo/.m2/repository/com/h2database/h2/2.2.224/h2-2.2.224.jar:/home/angelo/.m2/repository/io/jsonwebtoken/jjwt/0.9.1/jjwt-0.9.1.jar:/home/angelo/.m2/repository/com/fasterxml/jackson/core/jackson-databind/2.15.4/jackson-databind-2.15.4.jar:/home/angelo/.m2/repository/com/fasterxml/jackson/core/jackson-annotations/2.15.4/jackson-annotations-2.15.4.jar:/home/angelo/.m2/repository/com/fasterxml/jackson/core/jackson-core/2.15.4/jackson-core-2.15.4.jar:/home/angelo/.m2/repository/org/projectlombok/lombok/1.18.30/lombok-1.18.30.jar:/home/angelo/.m2/repository/org/springframework/boot/spring-boot-starter-test/3.2.4/spring-boot-starter-test-3.2.4.jar:/home/angelo/.m2/repository/org/springframework/boot/spring-boot-test/3.2.4/spring-boot-test-3.2.4.jar:/home/angelo/.m2/repository/org/springframework/boot/spring-boot-test-autoconfigure/3.2.4/spring-boot-test-autoconfigure-3.2.4.jar:/home/angelo/.m2/repository/com/jayway/jsonpath/json-path/2.9.0/json-path-2.9.0.jar:/home/angelo/.m2/repository/jakarta/xml/bind/jakarta.xml.bind-api/4.0.2/jakarta.xml.bind-api-4.0.2.jar:/home/angelo/.m2/repository/net/minidev/json-smart/2.5.0/json-smart-2.5.0.jar:/home/angelo/.m2/repository/net/minidev/accessors-smart/2.5.0/accessors-smart-2.5.0.jar:/home/angelo/.m2/repository/org/ow2/asm/asm/9.3/asm-9.3.jar:/home/angelo/.m2/repository/org/assertj/assertj-core/3.24.2/assertj-core-3.24.2.jar:/home/angelo/.m2/repository/org/awaitility/awaitility/4.2.0/awaitility-4.2.0.jar:/home/angelo/.m2/repository/org/hamcrest/hamcrest/2.2/hamcrest-2.2.jar:/home/angelo/.m2/repository/org/junit/jupiter/junit-jupiter/5.10.2/junit-jupiter-5.10.2.jar:/home/angelo/.m2/repository/org/junit/jupiter/junit-jupiter-api/5.10.2/junit-jupiter-api-5.10.2.jar:/home/angelo/.m2/repository/org/opentest4j/opentest4j/1.3.0/opentest4j-1.3.0.jar:/home/angelo/.m2/repository/org/junit/platform/junit-platform-commons/1.10.2/junit-platform-commons-1.10.2.jar:/home/angelo/.m2/repository/org/apiguardian/apiguardian-api/1.1.2/apiguardian-api-1.1.2.jar:/home/angelo/.m2/repository/org/junit/jupiter/junit-jupiter-params/5.10.2/junit-jupiter-params-5.10.2.jar:/home/angelo/.m2/repository/org/junit/jupiter/junit-jupiter-engine/5.10.2/junit-jupiter-engine-5.10.2.jar:/home/angelo/.m2/repository/org/junit/platform/junit-platform-engine/1.10.2/junit-platform-engine-1.10.2.jar:/home/angelo/.m2/repository/org/mockito/mockito-core/5.7.0/mockito-core-5.7.0.jar:/home/angelo/.m2/repository/net/bytebuddy/byte-buddy-agent/1.14.12/byte-buddy-agent-1.14.12.jar:/home/angelo/.m2/repository/org/objenesis/objenesis/3.3/objenesis-3.3.jar:/home/angelo/.m2/repository/org/mockito/mockito-junit-jupiter/5.7.0/mockito-junit-jupiter-5.7.0.jar:/home/angelo/.m2/repository/org/skyscreamer/jsonassert/1.5.1/jsonassert-1.5.1.jar:/home/angelo/.m2/repository/com/vaadin/external/google/android-json/0.0.20131108.vaadin1/android-json-0.0.20131108.vaadin1.jar:/home/angelo/.m2/repository/org/springframework/spring-core/6.1.5/spring-core-6.1.5.jar:/home/angelo/.m2/repository/org/springframework/spring-jcl/6.1.5/spring-jcl-6.1.5.jar:/home/angelo/.m2/repository/org/springframework/spring-test/6.1.5/spring-test-6.1.5.jar:/home/angelo/.m2/repository/org/xmlunit/xmlunit-core/2.9.1/xmlunit-core-2.9.1.jar:/home/angelo/.m2/repository/com/google/guava/guava/31.1-jre/guava-31.1-jre.jar:/home/angelo/.m2/repository/com/google/guava/failureaccess/1.0.1/failureaccess-1.0.1.jar:/home/angelo/.m2/repository/com/google/guava/listenablefuture/9999.0-empty-to-avoid-conflict-with-guava/listenablefuture-9999.0-empty-to-avoid-conflict-with-guava.jar:/home/angelo/.m2/repository/com/google/code/findbugs/jsr305/3.0.2/jsr305-3.0.2.jar:/home/angelo/.m2/repository/org/checkerframework/checker-qual/3.12.0/checker-qual-3.12.0.jar:/home/angelo/.m2/repository/com/google/errorprone/error_prone_annotations/2.11.0/error_prone_annotations-2.11.0.jar:/home/angelo/.m2/repository/com/google/j2objc/j2objc-annotations/1.3/j2objc-annotations-1.3.jar:"/>
    <property name="sun.cpu.endian" value="little"/>
    <property name="user.home" value="/home/angelo"/>
    <property name="user.language" value="en"/>
    <property name="java.specification.vendor" value="Oracle Corporation"/>
    <property name="java.version.date" value="2025-01-21"/>
    <property name="java.home" value="/usr/lib/jvm/java-17-openjdk-amd64"/>
    <property name="file.separator" value="/"/>
    <property name="basedir" value="/home/angelo/workspace/glacier/securelend-backend"/>
    <property name="java.vm.compressedOopsMode" value="Zero based"/>
    <property name="line.separator" value="&#10;"/>
    <property name="java.vm.specification.vendor" value="Oracle Corporation"/>
    <property name="java.specification.name" value="Java Platform API Specification"/>
    <property name="surefire.real.class.path" value="/home/angelo/workspace/glacier/securelend-backend/target/surefire/surefirebooter-20250410193356261_3.jar"/>
    <property name="sun.management.compiler" value="HotSpot 64-Bit Tiered Compilers"/>
    <property name="java.runtime.version" value="17.0.14+7-Ubuntu-124.04"/>
    <property name="user.name" value="angelo"/>
    <property name="path.separator" value=":"/>
    <property name="os.version" value="6.11.0-21-generic"/>
    <property name="java.runtime.name" value="OpenJDK Runtime Environment"/>
    <property name="file.encoding" value="UTF-8"/>
    <property name="java.vm.name" value="OpenJDK 64-Bit Server VM"/>
    <property name="localRepository" value="/home/angelo/.m2/repository"/>
    <property name="java.vendor.url.bug" value="https://bugs.launchpad.net/ubuntu/+source/openjdk-17"/>
    <property name="java.io.tmpdir" value="/tmp"/>
    <property name="java.version" value="17.0.14"/>
    <property name="user.dir" value="/home/angelo/workspace/glacier/securelend-backend"/>
    <property name="os.arch" value="amd64"/>
    <property name="java.vm.specification.name" value="Java Virtual Machine Specification"/>
    <property name="native.encoding" value="UTF-8"/>
    <property name="java.library.path" value="/tmp/.mount_Cursork2CQts/usr/lib/:/tmp/.mount_Cursork2CQts/usr/lib32/:/tmp/.mount_Cursork2CQts/usr/lib64/:/tmp/.mount_Cursork2CQts/lib/:/tmp/.mount_Cursork2CQts/lib/i386-linux-gnu/:/tmp/.mount_Cursork2CQts/lib/x86_64-linux-gnu/:/tmp/.mount_Cursork2CQts/lib/aarch64-linux-gnu/:/tmp/.mount_Cursork2CQts/lib32/:/tmp/.mount_Cursork2CQts/lib64/::/usr/java/packages/lib:/usr/lib/x86_64-linux-gnu/jni:/lib/x86_64-linux-gnu:/usr/lib/x86_64-linux-gnu:/usr/lib/jni:/lib:/usr/lib"/>
    <property name="java.vm.info" value="mixed mode, sharing"/>
    <property name="java.vendor" value="Ubuntu"/>
    <property name="java.vm.version" value="17.0.14+7-Ubuntu-124.04"/>
    <property name="java.specification.maintenance.version" value="1"/>
    <property name="sun.io.unicode.encoding" value="UnicodeLittle"/>
    <property name="java.class.version" value="61.0"/>
  </properties>
  <testcase name="testProtectedEndpointWithValidToken" classname="com.example.authservice.security.JwtFilterTest" time="0.186"/>
  <testcase name="testProtectedEndpointWithoutToken" classname="com.example.authservice.security.JwtFilterTest" time="0.006"/>
  <testcase name="testPublicEndpointSkipsFilter" classname="com.example.authservice.security.JwtFilterTest" time="0.006"/>
</testsuite>